<?xml version="1.0" encoding="UTF-8"?>
<!-- Generated by org.testng.reporters.JUnitXMLReporter -->
<testsuite hostname="Admin-PC" ignored="0" name="Test" tests="4" failures="0" timestamp="14 Feb 2017 15:01:57 GMT" time="0.169" errors="0">
  <testcase name="testB" time="0.061" classname="qsp.Demo_1TNG_A"/>
  <testcase name="testB" time="0.005" classname="qsp.Demo_1TNG_A"/>
  <testcase name="testB" time="0.004" classname="qsp.Demo_1TNG_A"/>
  <testcase name="testA" time="0.005" classname="qsp.Demo_1TNG_A"/>
</testsuite> <!-- Test -->
