<?xml version="1.0" encoding="UTF-8"?>
<testng-results skipped="0" failed="0" ignored="0" total="4" passed="4">
  <reporter-output>
    <line>
      <![CDATA[Bye]]>
    </line>
    <line>
      <![CDATA[Bye]]>
    </line>
    <line>
      <![CDATA[Bye]]>
    </line>
    <line>
      <![CDATA[Hi]]>
    </line>
  </reporter-output>
  <suite name="Suite" duration-ms="169" started-at="2017-02-14T15:01:56Z" finished-at="2017-02-14T15:01:57Z">
    <groups>
    </groups>
    <test name="Test" duration-ms="169" started-at="2017-02-14T15:01:56Z" finished-at="2017-02-14T15:01:57Z">
      <class name="qsp.Demo_1TNG_A">
        <test-method status="PASS" signature="testB()[pri:-2, instance:qsp.Demo_1TNG_A@2bcfcb]" name="testB" duration-ms="61" started-at="2017-02-14T20:31:57Z" finished-at="2017-02-14T20:31:57Z">
          <reporter-output>
            <line>
              <![CDATA[Bye]]>
            </line>
          </reporter-output>
        </test-method> <!-- testB -->
        <test-method status="PASS" signature="testB()[pri:-2, instance:qsp.Demo_1TNG_A@2bcfcb]" name="testB" duration-ms="5" started-at="2017-02-14T20:31:57Z" finished-at="2017-02-14T20:31:57Z">
          <reporter-output>
            <line>
              <![CDATA[Bye]]>
            </line>
          </reporter-output>
        </test-method> <!-- testB -->
        <test-method status="PASS" signature="testB()[pri:-2, instance:qsp.Demo_1TNG_A@2bcfcb]" name="testB" duration-ms="4" started-at="2017-02-14T20:31:57Z" finished-at="2017-02-14T20:31:57Z">
          <reporter-output>
            <line>
              <![CDATA[Bye]]>
            </line>
          </reporter-output>
        </test-method> <!-- testB -->
        <test-method status="PASS" signature="testA()[pri:-1, instance:qsp.Demo_1TNG_A@2bcfcb]" name="testA" duration-ms="5" started-at="2017-02-14T20:31:57Z" finished-at="2017-02-14T20:31:57Z">
          <reporter-output>
            <line>
              <![CDATA[Hi]]>
            </line>
          </reporter-output>
        </test-method> <!-- testA -->
      </class> <!-- qsp.Demo_1TNG_A -->
    </test> <!-- Test -->
  </suite> <!-- Suite -->
</testng-results>
